[18:10:39 - main] [Cooja.java:1314] [INFO] - > Starting Cooja
[18:10:39 - main] [Cooja.java:2855] [INFO] - External tools default settings: /external_tools_linux.config
[18:10:39 - main] [Cooja.java:2885] [INFO] - External tools user settings: /home/user/.cooja.user.properties
[18:10:40 - main] [Simulation.java:421] [INFO] - Simulation random seed: 123456
[18:10:40 - main] [MspMote.java:235] [INFO] - Loading firmware from: /home/user/wsnlab/final_project/build/telosb/main.exe
[18:10:41 - main] [MspMote.java:235] [INFO] - Loading firmware from: /home/user/wsnlab/final_project/build/telosb/main.exe
[18:10:41 - main] [MspMote.java:235] [INFO] - Loading firmware from: /home/user/wsnlab/final_project/build/telosb/main.exe
[18:10:41 - main] [MspMote.java:235] [INFO] - Loading firmware from: /home/user/wsnlab/final_project/build/telosb/main.exe
[18:10:41 - main] [MspMote.java:235] [INFO] - Loading firmware from: /home/user/wsnlab/final_project/build/telosb/main.exe
[18:10:41 - main] [MspMote.java:235] [INFO] - Loading firmware from: /home/user/wsnlab/final_project/build/telosb/main.exe
[18:10:41 - main] [MspMote.java:235] [INFO] - Loading firmware from: /home/user/wsnlab/final_project/build/telosb/main.exe
[18:10:41 - main] [MspMote.java:235] [INFO] - Loading firmware from: /home/user/wsnlab/final_project/build/telosb/main.exe
[18:10:41 - main] [MspMote.java:235] [INFO] - Loading firmware from: /home/user/wsnlab/final_project/build/telosb/main.exe
[18:10:41 - main] [MspMote.java:235] [INFO] - Loading firmware from: /home/user/wsnlab/final_project/build/telosb/main.exe
[18:10:41 - main] [MspMote.java:235] [INFO] - Loading firmware from: /home/user/wsnlab/final_project/build/telosb/main.exe
[18:10:41 - main] [MspMote.java:235] [INFO] - Loading firmware from: /home/user/wsnlab/final_project/build/telosb/main.exe
[18:10:41 - main] [MspMote.java:235] [INFO] - Loading firmware from: /home/user/wsnlab/final_project/build/telosb/main.exe
[18:10:41 - main] [MspMote.java:235] [INFO] - Loading firmware from: /home/user/wsnlab/final_project/build/telosb/main.exe
[18:10:41 - main] [MspMote.java:235] [INFO] - Loading firmware from: /home/user/wsnlab/final_project/build/telosb/main.exe
[18:10:41 - main] [Visualizer.java:256] [INFO] - Registered external visualizer: org.contikios.cooja.plugins.skins.DGRMVisualizerSkin
[18:10:42 - main] [TimeLine.java:567] [INFO] - Zoom level: 200.0 microseconds/pixel 
[18:10:47 - Thread-0] [Simulation.java:252] [INFO] - Simulation main loop started, system time: 1455642647214
[18:11:23 - Thread-0] [Msp802154Radio.java:191] [WARN] - Turning off radio while transmitting a packet
[18:11:23 - Thread-0] [Msp802154Radio.java:127] [ERROR] - Bad outgoing sync sequence 0 3f 96 0 0
[18:11:26 - Thread-0] [Simulation.java:311] [INFO] - Simulation main loop stopped, system time: 1455642686492	Duration: 39278 ms	Simulated time 63480 ms	Ratio 1.616171902846377
[18:19:54 - Thread-1] [Simulation.java:421] [INFO] - Simulation random seed: 123456
[18:19:54 - Thread-1] [MspMote.java:235] [INFO] - Loading firmware from: /home/user/wsnlab/final_project/build/telosb/main.exe
[18:19:54 - Thread-1] [MspMote.java:235] [INFO] - Loading firmware from: /home/user/wsnlab/final_project/build/telosb/main.exe
[18:19:54 - Thread-1] [MspMote.java:235] [INFO] - Loading firmware from: /home/user/wsnlab/final_project/build/telosb/main.exe
[18:19:54 - Thread-1] [MspMote.java:235] [INFO] - Loading firmware from: /home/user/wsnlab/final_project/build/telosb/main.exe
[18:19:54 - Thread-1] [MspMote.java:235] [INFO] - Loading firmware from: /home/user/wsnlab/final_project/build/telosb/main.exe
[18:19:54 - Thread-1] [MspMote.java:235] [INFO] - Loading firmware from: /home/user/wsnlab/final_project/build/telosb/main.exe
[18:19:54 - Thread-1] [MspMote.java:235] [INFO] - Loading firmware from: /home/user/wsnlab/final_project/build/telosb/main.exe
[18:19:54 - Thread-1] [MspMote.java:235] [INFO] - Loading firmware from: /home/user/wsnlab/final_project/build/telosb/main.exe
[18:19:54 - Thread-1] [MspMote.java:235] [INFO] - Loading firmware from: /home/user/wsnlab/final_project/build/telosb/main.exe
[18:19:54 - Thread-1] [MspMote.java:235] [INFO] - Loading firmware from: /home/user/wsnlab/final_project/build/telosb/main.exe
[18:19:54 - Thread-1] [MspMote.java:235] [INFO] - Loading firmware from: /home/user/wsnlab/final_project/build/telosb/main.exe
[18:19:54 - Thread-1] [MspMote.java:235] [INFO] - Loading firmware from: /home/user/wsnlab/final_project/build/telosb/main.exe
[18:19:54 - Thread-1] [MspMote.java:235] [INFO] - Loading firmware from: /home/user/wsnlab/final_project/build/telosb/main.exe
[18:19:54 - Thread-1] [MspMote.java:235] [INFO] - Loading firmware from: /home/user/wsnlab/final_project/build/telosb/main.exe
[18:19:54 - Thread-1] [MspMote.java:235] [INFO] - Loading firmware from: /home/user/wsnlab/final_project/build/telosb/main.exe
[18:19:54 - Thread-1] [TimeLine.java:567] [INFO] - Zoom level: 200.0 microseconds/pixel 
[18:19:56 - Thread-2] [Simulation.java:252] [INFO] - Simulation main loop started, system time: 1455643196030
[18:20:17 - Thread-2] [Simulation.java:311] [INFO] - Simulation main loop stopped, system time: 1455643217965	Duration: 21935 ms	Simulated time 27495 ms	Ratio 1.2534761796216094
[18:32:11 - Thread-3] [Simulation.java:421] [INFO] - Simulation random seed: 123456
[18:32:11 - Thread-3] [MspMote.java:235] [INFO] - Loading firmware from: /home/user/wsnlab/final_project/build/telosb/main.exe
[18:32:11 - Thread-3] [MspMote.java:235] [INFO] - Loading firmware from: /home/user/wsnlab/final_project/build/telosb/main.exe
[18:32:11 - Thread-3] [MspMote.java:235] [INFO] - Loading firmware from: /home/user/wsnlab/final_project/build/telosb/main.exe
[18:32:11 - Thread-3] [MspMote.java:235] [INFO] - Loading firmware from: /home/user/wsnlab/final_project/build/telosb/main.exe
[18:32:11 - Thread-3] [MspMote.java:235] [INFO] - Loading firmware from: /home/user/wsnlab/final_project/build/telosb/main.exe
[18:32:11 - Thread-3] [MspMote.java:235] [INFO] - Loading firmware from: /home/user/wsnlab/final_project/build/telosb/main.exe
[18:32:11 - Thread-3] [MspMote.java:235] [INFO] - Loading firmware from: /home/user/wsnlab/final_project/build/telosb/main.exe
[18:32:11 - Thread-3] [MspMote.java:235] [INFO] - Loading firmware from: /home/user/wsnlab/final_project/build/telosb/main.exe
[18:32:11 - Thread-3] [MspMote.java:235] [INFO] - Loading firmware from: /home/user/wsnlab/final_project/build/telosb/main.exe
[18:32:11 - Thread-3] [MspMote.java:235] [INFO] - Loading firmware from: /home/user/wsnlab/final_project/build/telosb/main.exe
[18:32:11 - Thread-3] [MspMote.java:235] [INFO] - Loading firmware from: /home/user/wsnlab/final_project/build/telosb/main.exe
[18:32:11 - Thread-3] [MspMote.java:235] [INFO] - Loading firmware from: /home/user/wsnlab/final_project/build/telosb/main.exe
[18:32:11 - Thread-3] [MspMote.java:235] [INFO] - Loading firmware from: /home/user/wsnlab/final_project/build/telosb/main.exe
[18:32:11 - Thread-3] [MspMote.java:235] [INFO] - Loading firmware from: /home/user/wsnlab/final_project/build/telosb/main.exe
[18:32:11 - Thread-3] [MspMote.java:235] [INFO] - Loading firmware from: /home/user/wsnlab/final_project/build/telosb/main.exe
[18:32:11 - Thread-3] [TimeLine.java:567] [INFO] - Zoom level: 200.0 microseconds/pixel 
[18:32:12 - Thread-4] [Simulation.java:252] [INFO] - Simulation main loop started, system time: 1455643932962
[18:32:44 - Thread-4] [Simulation.java:311] [INFO] - Simulation main loop stopped, system time: 1455643964957	Duration: 31995 ms	Simulated time 48202 ms	Ratio 1.5065478981090796
[18:33:11 - Thread-5] [Simulation.java:252] [INFO] - Simulation main loop started, system time: 1455643991610
[18:33:38 - Thread-5] [Simulation.java:311] [INFO] - Simulation main loop stopped, system time: 1455644018672	Duration: 27062 ms	Simulated time 100951 ms	Ratio 3.7303599142709336
[18:56:03 - Thread-6] [Simulation.java:421] [INFO] - Simulation random seed: 123456
[18:56:03 - Thread-6] [MspMote.java:235] [INFO] - Loading firmware from: /home/user/wsnlab/final_project/build/telosb/main.exe
[18:56:03 - Thread-6] [MspMote.java:235] [INFO] - Loading firmware from: /home/user/wsnlab/final_project/build/telosb/main.exe
[18:56:03 - Thread-6] [MspMote.java:235] [INFO] - Loading firmware from: /home/user/wsnlab/final_project/build/telosb/main.exe
[18:56:03 - Thread-6] [MspMote.java:235] [INFO] - Loading firmware from: /home/user/wsnlab/final_project/build/telosb/main.exe
[18:56:03 - Thread-6] [MspMote.java:235] [INFO] - Loading firmware from: /home/user/wsnlab/final_project/build/telosb/main.exe
[18:56:03 - Thread-6] [MspMote.java:235] [INFO] - Loading firmware from: /home/user/wsnlab/final_project/build/telosb/main.exe
[18:56:03 - Thread-6] [MspMote.java:235] [INFO] - Loading firmware from: /home/user/wsnlab/final_project/build/telosb/main.exe
[18:56:03 - Thread-6] [MspMote.java:235] [INFO] - Loading firmware from: /home/user/wsnlab/final_project/build/telosb/main.exe
[18:56:03 - Thread-6] [MspMote.java:235] [INFO] - Loading firmware from: /home/user/wsnlab/final_project/build/telosb/main.exe
[18:56:03 - Thread-6] [MspMote.java:235] [INFO] - Loading firmware from: /home/user/wsnlab/final_project/build/telosb/main.exe
[18:56:03 - Thread-6] [MspMote.java:235] [INFO] - Loading firmware from: /home/user/wsnlab/final_project/build/telosb/main.exe
[18:56:03 - Thread-6] [MspMote.java:235] [INFO] - Loading firmware from: /home/user/wsnlab/final_project/build/telosb/main.exe
[18:56:03 - Thread-6] [MspMote.java:235] [INFO] - Loading firmware from: /home/user/wsnlab/final_project/build/telosb/main.exe
[18:56:03 - Thread-6] [MspMote.java:235] [INFO] - Loading firmware from: /home/user/wsnlab/final_project/build/telosb/main.exe
[18:56:03 - Thread-6] [MspMote.java:235] [INFO] - Loading firmware from: /home/user/wsnlab/final_project/build/telosb/main.exe
[18:56:04 - Thread-6] [TimeLine.java:567] [INFO] - Zoom level: 200.0 microseconds/pixel 
[18:56:05 - Thread-7] [Simulation.java:252] [INFO] - Simulation main loop started, system time: 1455645365445
[18:56:40 - Thread-7] [Simulation.java:311] [INFO] - Simulation main loop stopped, system time: 1455645400767	Duration: 35322 ms	Simulated time 54768 ms	Ratio 1.5505350772889417
[18:56:49 - Thread-8] [Simulation.java:252] [INFO] - Simulation main loop started, system time: 1455645409399
[18:57:17 - Thread-8] [Simulation.java:311] [INFO] - Simulation main loop stopped, system time: 1455645437557	Duration: 28158 ms	Simulated time 110983 ms	Ratio 3.941437602102422
